{"C:\\Users\\thiag\\OneDrive\\Área de Trabalho\\Simbora\\testes nodejs\\carrinho\\carrinho.js": {"path":"C:\\Users\\thiag\\OneDrive\\Área de Trabalho\\Simbora\\testes nodejs\\carrinho\\carrinho.js","statementMap":{"0":{"start":{"line":3,"column":6},"end":{"line":3,"column":22}},"1":{"start":{"line":4,"column":6},"end":{"line":4,"column":27}},"2":{"start":{"line":5,"column":6},"end":{"line":5,"column":24}},"3":{"start":{"line":6,"column":6},"end":{"line":6,"column":24}},"4":{"start":{"line":10,"column":6},"end":{"line":10,"column":28}},"5":{"start":{"line":14,"column":6},"end":{"line":14,"column":25}},"6":{"start":{"line":18,"column":6},"end":{"line":18,"column":93}},"7":{"start":{"line":18,"column":56},"end":{"line":18,"column":88}},"8":{"start":{"line":19,"column":6},"end":{"line":19,"column":40}},"9":{"start":{"line":23,"column":6},"end":{"line":25,"column":7}},"10":{"start":{"line":24,"column":8},"end":{"line":24,"column":53}},"11":{"start":{"line":27,"column":6},"end":{"line":27,"column":39}},"12":{"start":{"line":29,"column":6},"end":{"line":33,"column":8}}},"fnMap":{"0":{"name":"(anonymous_0)","decl":{"start":{"line":2,"column":4},"end":{"line":2,"column":5}},"loc":{"start":{"line":2,"column":18},"end":{"line":7,"column":5}},"line":2},"1":{"name":"(anonymous_1)","decl":{"start":{"line":9,"column":4},"end":{"line":9,"column":5}},"loc":{"start":{"line":9,"column":19},"end":{"line":11,"column":5}},"line":9},"2":{"name":"(anonymous_2)","decl":{"start":{"line":13,"column":4},"end":{"line":13,"column":5}},"loc":{"start":{"line":13,"column":25},"end":{"line":15,"column":5}},"line":13},"3":{"name":"(anonymous_3)","decl":{"start":{"line":17,"column":4},"end":{"line":17,"column":5}},"loc":{"start":{"line":17,"column":19},"end":{"line":20,"column":5}},"line":17},"4":{"name":"(anonymous_4)","decl":{"start":{"line":18,"column":40},"end":{"line":18,"column":41}},"loc":{"start":{"line":18,"column":56},"end":{"line":18,"column":88}},"line":18},"5":{"name":"(anonymous_5)","decl":{"start":{"line":22,"column":4},"end":{"line":22,"column":5}},"loc":{"start":{"line":22,"column":21},"end":{"line":34,"column":5}},"line":22}},"branchMap":{"0":{"loc":{"start":{"line":23,"column":6},"end":{"line":25,"column":7}},"type":"if","locations":[{"start":{"line":23,"column":6},"end":{"line":25,"column":7}},{"start":{},"end":{}}],"line":23}},"s":{"0":3,"1":3,"2":3,"3":3,"4":2,"5":0,"6":0,"7":0,"8":0,"9":1,"10":1,"11":0,"12":0},"f":{"0":3,"1":2,"2":0,"3":0,"4":0,"5":1},"b":{"0":[1,0]},"_coverageSchema":"1a1c01bbd47fc00a2c39e90264f33305004495a9","hash":"b98e3c7334149e93cc6d24492a226daec0530a47"}
,"C:\\Users\\thiag\\OneDrive\\Área de Trabalho\\Simbora\\testes nodejs\\carrinho\\item.js": {"path":"C:\\Users\\thiag\\OneDrive\\Área de Trabalho\\Simbora\\testes nodejs\\carrinho\\item.js","statementMap":{"0":{"start":{"line":3,"column":6},"end":{"line":3,"column":23}},"1":{"start":{"line":4,"column":6},"end":{"line":4,"column":25}},"2":{"start":{"line":5,"column":6},"end":{"line":5,"column":35}},"3":{"start":{"line":9,"column":6},"end":{"line":9,"column":42}}},"fnMap":{"0":{"name":"(anonymous_0)","decl":{"start":{"line":2,"column":4},"end":{"line":2,"column":5}},"loc":{"start":{"line":2,"column":41},"end":{"line":6,"column":5}},"line":2},"1":{"name":"(anonymous_1)","decl":{"start":{"line":8,"column":4},"end":{"line":8,"column":5}},"loc":{"start":{"line":8,"column":25},"end":{"line":10,"column":5}},"line":8}},"branchMap":{},"s":{"0":4,"1":4,"2":4,"3":1},"f":{"0":4,"1":1},"b":{},"_coverageSchema":"1a1c01bbd47fc00a2c39e90264f33305004495a9","hash":"f94a8c61f3b718e8001d2867b596166720ede760"}
}
