<?xml version="1.0" encoding="UTF-8"?>
<coverage generated="1692718714080" clover="3.2.0">
  <project timestamp="1692718714080" name="All files">
    <metrics statements="6" coveredstatements="2" conditionals="0" coveredconditionals="0" methods="4" coveredmethods="2" elements="10" coveredelements="4" complexity="0" loc="6" ncloc="6" packages="2" files="2" classes="2"/>
    <package name="testes nodejs">
      <metrics statements="2" coveredstatements="2" conditionals="0" coveredconditionals="0" methods="2" coveredmethods="2"/>
      <file name="index.js" path="C:\Users\thiag\OneDrive\Área de Trabalho\Simbora\testes nodejs\index.js">
        <metrics statements="2" coveredstatements="2" conditionals="0" coveredconditionals="0" methods="2" coveredmethods="2"/>
        <line num="1" count="1" type="stmt"/>
        <line num="3" count="1" type="stmt"/>
      </file>
    </package>
    <package name="testes nodejs.carrinho">
      <metrics statements="4" coveredstatements="0" conditionals="0" coveredconditionals="0" methods="2" coveredmethods="0"/>
      <file name="item.js" path="C:\Users\thiag\OneDrive\Área de Trabalho\Simbora\testes nodejs\carrinho\item.js">
        <metrics statements="4" coveredstatements="0" conditionals="0" coveredconditionals="0" methods="2" coveredmethods="0"/>
        <line num="3" count="0" type="stmt"/>
        <line num="4" count="0" type="stmt"/>
        <line num="5" count="0" type="stmt"/>
        <line num="9" count="0" type="stmt"/>
      </file>
    </package>
  </project>
</coverage>
